2026-03-20 23:09:22,171 DEBUG    root            Loaded Command Group: ['gcloud', 'auth']
2026-03-20 23:09:22,178 DEBUG    root            Loaded Command Group: ['gcloud', 'auth', 'application_default']
2026-03-20 23:09:22,219 DEBUG    root            Loaded Command Group: ['gcloud', 'auth', 'application-default', 'login']
2026-03-20 23:09:22,221 DEBUG    root            Running [gcloud.auth.application-default.login] with arguments: []
2026-03-20 23:09:22,221 DEBUG    root            Failed to read GCE cache file: [WinError 2] The system cannot find the file specified: 'C:\\Users\\siddh\\OneDrive\\Desktop\\Projects\\Google-edu-hackathon\\.gcloud_config\\gce'
2026-03-20 23:09:22,240 DEBUG    root            Failed to check metadata server: <urlopen error [Errno 11001] getaddrinfo failed>
2026-03-20 23:09:22,240 DEBUG    root            On GCE from server: False
2026-03-20 23:09:22,487 DEBUG    root            On GCE from memory cache: False
2026-03-20 23:09:22,492 DEBUG    requests_oauthlib.oauth2_session Generated new state cdLASSKblBwIrFZqvegWezxhCCprVw.
2026-03-20 23:09:22,644 INFO     ___FILE_ONLY___ Your browser has been opened to visit:

    https://accounts.google.com/o/oauth2/auth?response_type=code&client_id=764086051850-6qr4p6gpi6hn506pt8ejuq83di341hur.apps.googleusercontent.com&redirect_uri=http%3A%2F%2Flocalhost%3A8085%2F&scope=openid+https%3A%2F%2Fwww.googleapis.com%2Fauth%2Fuserinfo.email+https%3A%2F%2Fwww.googleapis.com%2Fauth%2Fcloud-platform+https%3A%2F%2Fwww.googleapis.com%2Fauth%2Fsqlservice.login&state=cdLASSKblBwIrFZqvegWezxhCCprVw&access_type=offline&code_challenge=dBW_a_LsvnRrNUbqbjUEEnXyv60Eod1xPUiRLq-_MbY&code_challenge_method=S256


2026-03-20 23:09:43,065 INFO     google_auth_oauthlib.flow "GET /?state=cdLASSKblBwIrFZqvegWezxhCCprVw&iss=https://accounts.google.com&code=4/0AfrIepA1_uQ55JIkO5AXb5VlNLKJcZGvfSb4dC_R-kGcsJgl3XMIW81pU49HdxwMvx3OUQ&scope=email%20https://www.googleapis.com/auth/cloud-platform%20https://www.googleapis.com/auth/sqlservice.login%20https://www.googleapis.com/auth/userinfo.email%20openid&authuser=0&hd=gcplab.me&prompt=consent HTTP/1.1" 200 937
2026-03-20 23:09:43,066 DEBUG    requests_oauthlib.oauth2_session Requesting url https://oauth2.googleapis.com/token using method POST.
2026-03-20 23:09:43,066 DEBUG    requests_oauthlib.oauth2_session Supplying headers {b'Accept': b'application/json', b'Content-Type': b'application/x-www-form-urlencoded;charset=UTF-8', b'user-agent': b'google-cloud-sdk gcloud/561.0.0 command/gcloud.auth.application-default.login invocation-id/c96f60a9187949c9a0a9228b108461f0 environment/None environment-version/None client-os/WINDOWS client-os-ver/10.0.26200 client-pltf-arch/x86_64 interactive/True from-script/False python/3.11.9 term/  (Windows NT 10.0.26200)'} and data {'grant_type': 'authorization_code', 'client_id': '764086051850-6qr4p6gpi6hn506pt8ejuq83di341hur.apps.googleusercontent.com', 'client_secret': 'd-FL95Q19q7MQmFpd7hHD0Ty', 'code': '4/0AfrIepA1_uQ55JIkO5AXb5VlNLKJcZGvfSb4dC_R-kGcsJgl3XMIW81pU49HdxwMvx3OUQ', 'redirect_uri': 'http://localhost:8085/', 'code_verifier': 'E1Ogkb3JTNPs_Tz5ZyrlIToA9FFi7AEf_Jg1S4oXF8v8CftmARnEFoNwq26P4rwbVoHlmKXtwwIJOPx9iXTuj.pmZ6atqV5wF5LN.uk0e7sRFWFWMQNZCISd.9atPqOd'}
2026-03-20 23:09:43,066 DEBUG    requests_oauthlib.oauth2_session Passing through key word arguments {'json': None, 'timeout': None, 'auth': None, 'verify': None, 'proxies': None}.
2026-03-20 23:09:43,068 DEBUG    urllib3.connectionpool Starting new HTTPS connection (1): oauth2.googleapis.com:443
2026-03-20 23:09:43,171 DEBUG    urllib3.connectionpool https://oauth2.googleapis.com:443 "POST /token HTTP/1.1" 200 None
2026-03-20 23:09:43,172 DEBUG    requests_oauthlib.oauth2_session Prepared fetch token request body grant_type=authorization_code&client_id=764086051850-6qr4p6gpi6hn506pt8ejuq83di341hur.apps.googleusercontent.com&client_secret=d-FL95Q19q7MQmFpd7hHD0Ty&code=4%2F0AfrIepA1_uQ55JIkO5AXb5VlNLKJcZGvfSb4dC_R-kGcsJgl3XMIW81pU49HdxwMvx3OUQ&redirect_uri=http%3A%2F%2Flocalhost%3A8085%2F&code_verifier=E1Ogkb3JTNPs_Tz5ZyrlIToA9FFi7AEf_Jg1S4oXF8v8CftmARnEFoNwq26P4rwbVoHlmKXtwwIJOPx9iXTuj.pmZ6atqV5wF5LN.uk0e7sRFWFWMQNZCISd.9atPqOd
2026-03-20 23:09:43,172 DEBUG    requests_oauthlib.oauth2_session Request to fetch token completed with status 200.
2026-03-20 23:09:43,172 DEBUG    requests_oauthlib.oauth2_session Request headers were {'user-agent': b'google-cloud-sdk gcloud/561.0.0 command/gcloud.auth.application-default.login invocation-id/c96f60a9187949c9a0a9228b108461f0 environment/None environment-version/None client-os/WINDOWS client-os-ver/10.0.26200 client-pltf-arch/x86_64 interactive/True from-script/False python/3.11.9 term/  (Windows NT 10.0.26200)', 'Accept-Encoding': 'gzip, deflate', 'Accept': b'application/json', 'Connection': 'keep-alive', 'Content-Type': b'application/x-www-form-urlencoded;charset=UTF-8', 'Content-Length': '421'}
2026-03-20 23:09:43,173 DEBUG    requests_oauthlib.oauth2_session Request body was grant_type=authorization_code&client_id=764086051850-6qr4p6gpi6hn506pt8ejuq83di341hur.apps.googleusercontent.com&client_secret=d-FL95Q19q7MQmFpd7hHD0Ty&code=4%2F0AfrIepA1_uQ55JIkO5AXb5VlNLKJcZGvfSb4dC_R-kGcsJgl3XMIW81pU49HdxwMvx3OUQ&redirect_uri=http%3A%2F%2Flocalhost%3A8085%2F&code_verifier=E1Ogkb3JTNPs_Tz5ZyrlIToA9FFi7AEf_Jg1S4oXF8v8CftmARnEFoNwq26P4rwbVoHlmKXtwwIJOPx9iXTuj.pmZ6atqV5wF5LN.uk0e7sRFWFWMQNZCISd.9atPqOd
2026-03-20 23:09:43,173 DEBUG    requests_oauthlib.oauth2_session Response headers were {'Date': 'Fri, 20 Mar 2026 23:09:45 GMT', 'Expires': 'Mon, 01 Jan 1990 00:00:00 GMT', 'Cache-Control': 'no-cache, no-store, max-age=0, must-revalidate', 'Pragma': 'no-cache', 'Content-Type': 'application/json; charset=utf-8', 'Vary': 'Origin, X-Origin, Referer', 'Content-Encoding': 'gzip', 'Server': 'scaffolding on HTTPServer2', 'X-XSS-Protection': '0', 'X-Frame-Options': 'SAMEORIGIN', 'X-Content-Type-Options': 'nosniff', 'Alt-Svc': 'h3=":443"; ma=2592000,h3-29=":443"; ma=2592000', 'Transfer-Encoding': 'chunked'} and content {
  "access_token": "ya29.a0ATkoCc7pEzpV5M5B13R1oGKgaX8X3LLDfmiKmXkdpMgYGFP4sKj1x2Ik3mE43VyoTrrGObc9BQWpX1LqLlXs4v-xOG7vbyLh-PPykKKMd8_jN-S1woaOBnGaghH8--PycLf5lUMNEFxTpN8foL4H-pV6oIzozSE-06LvzprxAui_F1VBgxbIY1jQhm-TKpGzDwQ9V_saCgYKAcISARESFQHGX2MidGp8NxQ3hMf-DjPkMeJ0jg0206",
  "expires_in": 3599,
  "refresh_token": "1//03OcupyCdFR7gCgYIARAAGAMSNwF-L9Irpq1-sy-e2YgPNY_MpHTdQuVidd--uN9ZBSvFpYN6h_ha59JOLTvD-ZaO6AVD28uDr6M",
  "scope": "https://www.googleapis.com/auth/cloud-platform https://www.googleapis.com/auth/sqlservice.login openid https://www.googleapis.com/auth/userinfo.email",
  "token_type": "Bearer",
  "id_token": "eyJhbGciOiJSUzI1NiIsImtpZCI6ImM0MWYxNDFhYTE5ZGYwYWM5N2RhYTU1ZTYwMDc2NmM0YzUzNjRjNDIiLCJ0eXAiOiJKV1QifQ.eyJpc3MiOiJodHRwczovL2FjY291bnRzLmdvb2dsZS5jb20iLCJhenAiOiI3NjQwODYwNTE4NTAtNnFyNHA2Z3BpNmhuNTA2cHQ4ZWp1cTgzZGkzNDFodXIuYXBwcy5nb29nbGV1c2VyY29udGVudC5jb20iLCJhdWQiOiI3NjQwODYwNTE4NTAtNnFyNHA2Z3BpNmhuNTA2cHQ4ZWp1cTgzZGkzNDFodXIuYXBwcy5nb29nbGV1c2VyY29udGVudC5jb20iLCJzdWIiOiIxMTY0NjE2MTU0MTg1ODU3MjU4MTgiLCJoZCI6ImdjcGxhYi5tZSIsImVtYWlsIjoiZGV2c3RhcjQwNzJAZ2NwbGFiLm1lIiwiZW1haWxfdmVyaWZpZWQiOnRydWUsImF0X2hhc2giOiJiNUdpTlpueTl4Y0drSUUxYWJ6LWVnIiwiaWF0IjoxNzc0MDQ4MTg1LCJleHAiOjE3NzQwNTE3ODV9.NfwlIBVRW6l3rrnzaKCBTyUd_LrRGSt_HPI2q6YOy6j2W01UKRkhZT9v6G62XoGhfuWPeEwcilP2LIiMcwqo4k5hLe48njr_jI3Bw8NPxflHMnOQJiDEWs3zna7sg293-1iJQtek5LK2PIvmaNr03qUgGCSiYyYbuKNBWdinBbn6Kbw-6IIzqmbrzNKyQpLqxc9F-iiaIt_Lq3PH3NO2R_P33SIy_14jRtk6A8qq1x4DL9v6vw54h7B3b4XpY70Z2YTi454BNvK5hcj4aenIppdfE09wTcKez5f7nmSQrFSU3aPb22cukXn1BTknFskiNCVQObeh1sGEIGMDUG-l-A"
}.
2026-03-20 23:09:43,173 DEBUG    requests_oauthlib.oauth2_session Invoking 0 token response hooks.
2026-03-20 23:09:43,173 DEBUG    requests_oauthlib.oauth2_session Obtained token {'access_token': 'ya29.a0ATkoCc7pEzpV5M5B13R1oGKgaX8X3LLDfmiKmXkdpMgYGFP4sKj1x2Ik3mE43VyoTrrGObc9BQWpX1LqLlXs4v-xOG7vbyLh-PPykKKMd8_jN-S1woaOBnGaghH8--PycLf5lUMNEFxTpN8foL4H-pV6oIzozSE-06LvzprxAui_F1VBgxbIY1jQhm-TKpGzDwQ9V_saCgYKAcISARESFQHGX2MidGp8NxQ3hMf-DjPkMeJ0jg0206', 'expires_in': 3599, 'refresh_token': '1//03OcupyCdFR7gCgYIARAAGAMSNwF-L9Irpq1-sy-e2YgPNY_MpHTdQuVidd--uN9ZBSvFpYN6h_ha59JOLTvD-ZaO6AVD28uDr6M', 'scope': ['https://www.googleapis.com/auth/cloud-platform', 'https://www.googleapis.com/auth/sqlservice.login', 'openid', 'https://www.googleapis.com/auth/userinfo.email'], 'token_type': 'Bearer', 'id_token': 'eyJhbGciOiJSUzI1NiIsImtpZCI6ImM0MWYxNDFhYTE5ZGYwYWM5N2RhYTU1ZTYwMDc2NmM0YzUzNjRjNDIiLCJ0eXAiOiJKV1QifQ.eyJpc3MiOiJodHRwczovL2FjY291bnRzLmdvb2dsZS5jb20iLCJhenAiOiI3NjQwODYwNTE4NTAtNnFyNHA2Z3BpNmhuNTA2cHQ4ZWp1cTgzZGkzNDFodXIuYXBwcy5nb29nbGV1c2VyY29udGVudC5jb20iLCJhdWQiOiI3NjQwODYwNTE4NTAtNnFyNHA2Z3BpNmhuNTA2cHQ4ZWp1cTgzZGkzNDFodXIuYXBwcy5nb29nbGV1c2VyY29udGVudC5jb20iLCJzdWIiOiIxMTY0NjE2MTU0MTg1ODU3MjU4MTgiLCJoZCI6ImdjcGxhYi5tZSIsImVtYWlsIjoiZGV2c3RhcjQwNzJAZ2NwbGFiLm1lIiwiZW1haWxfdmVyaWZpZWQiOnRydWUsImF0X2hhc2giOiJiNUdpTlpueTl4Y0drSUUxYWJ6LWVnIiwiaWF0IjoxNzc0MDQ4MTg1LCJleHAiOjE3NzQwNTE3ODV9.NfwlIBVRW6l3rrnzaKCBTyUd_LrRGSt_HPI2q6YOy6j2W01UKRkhZT9v6G62XoGhfuWPeEwcilP2LIiMcwqo4k5hLe48njr_jI3Bw8NPxflHMnOQJiDEWs3zna7sg293-1iJQtek5LK2PIvmaNr03qUgGCSiYyYbuKNBWdinBbn6Kbw-6IIzqmbrzNKyQpLqxc9F-iiaIt_Lq3PH3NO2R_P33SIy_14jRtk6A8qq1x4DL9v6vw54h7B3b4XpY70Z2YTi454BNvK5hcj4aenIppdfE09wTcKez5f7nmSQrFSU3aPb22cukXn1BTknFskiNCVQObeh1sGEIGMDUG-l-A', 'expires_at': 1774051782.1731007}.
2026-03-20 23:09:43,181 INFO     ___FILE_ONLY___ 
Credentials saved to file: [C:\Users\siddh\OneDrive\Desktop\Projects\Google-edu-hackathon\.gcloud_config\application_default_credentials.json]

2026-03-20 23:09:43,181 INFO     ___FILE_ONLY___ 
These credentials will be used by any library that requests Application Default Credentials (ADC).

2026-03-20 23:09:43,181 WARNING  root            
Cannot find a quota project to add to ADC. You might receive a "quota exceeded" or "API not enabled" error. Run $ gcloud auth application-default set-quota-project to add a quota project.
2026-03-20 23:09:43,182 DEBUG    root            Chosen display Format:none
2026-03-20 23:09:43,182 INFO     root            Display format: "none"
2026-03-20 23:09:43,248 DEBUG    root            Checking for updates...
2026-03-20 23:09:43,250 DEBUG    root            On GCE from memory cache: False
2026-03-20 23:09:43,252 DEBUG    root            On GCE from memory cache: False
2026-03-20 23:09:43,255 DEBUG    urllib3.connectionpool Starting new HTTPS connection (1): dl.google.com:443
2026-03-20 23:09:43,315 DEBUG    urllib3.connectionpool https://dl.google.com:443 "GET /dl/cloudsdk/channels/rapid/components-2.json HTTP/1.1" 200 25046
2026-03-20 23:09:43,343 DEBUG    root            Updating notification cache...
