2026-03-20 23:11:46,363 DEBUG    root            Loaded Command Group: ['gcloud', 'auth']
2026-03-20 23:11:46,367 DEBUG    root            Loaded Command Group: ['gcloud', 'auth', 'application_default']
2026-03-20 23:11:46,410 DEBUG    root            Loaded Command Group: ['gcloud', 'auth', 'application-default', 'set_quota_project']
2026-03-20 23:11:46,412 DEBUG    root            Running [gcloud.auth.application-default.set-quota-project] with arguments: [QUOTA_PROJECT_ID: "birmiu-agent-two26bir-4072"]
2026-03-20 23:11:46,426 DEBUG    root            On GCE from disk cache: False
2026-03-20 23:11:46,452 DEBUG    root            On GCE from memory cache: False
2026-03-20 23:11:46,453 INFO     root            Using alternate credentials from file: [C:\Users\siddh\OneDrive\Desktop\Projects\Google-edu-hackathon\.gcloud_config\application_default_credentials.json]
2026-03-20 23:11:46,461 DEBUG    root            On GCE from memory cache: False
2026-03-20 23:11:46,463 DEBUG    root            On GCE from memory cache: False
2026-03-20 23:11:46,463 DEBUG    google.auth.transport.requests Making request: POST https://oauth2.googleapis.com/token
2026-03-20 23:11:46,466 DEBUG    urllib3.connectionpool Starting new HTTPS connection (1): oauth2.googleapis.com:443
2026-03-20 23:11:46,548 DEBUG    urllib3.connectionpool https://oauth2.googleapis.com:443 "POST /token HTTP/1.1" 200 None
2026-03-20 23:11:46,566 DEBUG    urllib3.connectionpool Starting new HTTPS connection (1): cloudresourcemanager.googleapis.com:443
2026-03-20 23:11:46,752 DEBUG    urllib3.connectionpool https://cloudresourcemanager.googleapis.com:443 "POST /v1/projects/birmiu-agent-two26bir-4072:testIamPermissions?alt=json HTTP/1.1" 200 None
2026-03-20 23:11:46,754 INFO     ___FILE_ONLY___ 
Credentials saved to file: [C:\Users\siddh\OneDrive\Desktop\Projects\Google-edu-hackathon\.gcloud_config\application_default_credentials.json]

2026-03-20 23:11:46,754 INFO     ___FILE_ONLY___ 
These credentials will be used by any library that requests Application Default Credentials (ADC).

2026-03-20 23:11:46,755 INFO     ___FILE_ONLY___ 
Quota project "birmiu-agent-two26bir-4072" was added to ADC which can be used by Google client libraries for billing and quota. Note that some services may still bill the project owning the resource.

2026-03-20 23:11:46,755 DEBUG    root            Chosen display Format:none
2026-03-20 23:11:46,755 INFO     root            Display format: "none"
